Using Python /usr/bin/python3
gr-osmosdr 0.2.0.0 (0.2.0) gnuradio 3.10.11.0
built-in source types: file fcd rtl rtl_tcp uhd miri hackrf bladerf rfspace airspy airspyhf soapy redpitaya freesrp xtrx 
Using device #0 RTLSDRBlog Blog V4 SN: 00000001
Found Rafael Micro R828D tuner
RTL-SDR Blog V4 Detected
gain: name: LNA range: start 0 stop 49 step 0
setting gain lna to 35
supported sample rates 250000-2560000 step 24000
demodulator: xlator if_rate=24000, input_rate=960000, decim=40, if taps=[193,49], resampled_rate=24000, sps=5
op25_audio::open_socket(): enabled udp host(127.0.0.1), wireshark(23456), audio(23456)
p25_frame_assembler_impl: do_imbe[1], do_output[0], do_audio_output[1], do_phase2_tdma[1], do_nocrypt[0]
04/02/25 09:26:28.078079 Reading whitelist file
04/02/25 09:26:28.080141 added talkgroup 46949 from /tmp/_whitelist_Fire_Scan.tsv
04/02/25 09:26:28.081005 added talkgroup 47021 from /tmp/_whitelist_Fire_Scan.tsv
04/02/25 09:26:28.081872 added talkgroup 46940 from /tmp/_whitelist_Fire_Scan.tsv
04/02/25 09:26:28.082133 added talkgroup 46800 from /tmp/_whitelist_Fire_Scan.tsv
04/02/25 09:26:28.082296 added talkgroup 46801 from /tmp/_whitelist_Fire_Scan.tsv
04/02/25 09:26:28.082505 added talkgroup 46802 from /tmp/_whitelist_Fire_Scan.tsv
04/02/25 09:26:28.082668 added talkgroup 46803 from /tmp/_whitelist_Fire_Scan.tsv
04/02/25 09:26:28.082805 added talkgroup 46804 from /tmp/_whitelist_Fire_Scan.tsv
04/02/25 09:26:28.082936 added talkgroup 46805 from /tmp/_whitelist_Fire_Scan.tsv
04/02/25 09:26:28.083062 added talkgroup 46806 from /tmp/_whitelist_Fire_Scan.tsv
04/02/25 09:26:28.083190 added talkgroup 46807 from /tmp/_whitelist_Fire_Scan.tsv
04/02/25 09:26:28.083322 added talkgroup 46808 from /tmp/_whitelist_Fire_Scan.tsv
04/02/25 09:26:28.083511 added talkgroup 46809 from /tmp/_whitelist_Fire_Scan.tsv
04/02/25 09:26:28.083660 added talkgroup 46810 from /tmp/_whitelist_Fire_Scan.tsv
04/02/25 09:26:28.083790 added talkgroup 46811 from /tmp/_whitelist_Fire_Scan.tsv
04/02/25 09:26:28.083918 added talkgroup 46812 from /tmp/_whitelist_Fire_Scan.tsv
04/02/25 09:26:28.084051 added talkgroup 46813 from /tmp/_whitelist_Fire_Scan.tsv
04/02/25 09:26:28.084183 added talkgroup 46814 from /tmp/_whitelist_Fire_Scan.tsv
04/02/25 09:26:28.084313 added talkgroup 46815 from /tmp/_whitelist_Fire_Scan.tsv
04/02/25 09:26:28.085289 added talkgroup 46816 from /tmp/_whitelist_Fire_Scan.tsv
04/02/25 09:26:28.085948 added talkgroup 46817 from /tmp/_whitelist_Fire_Scan.tsv
04/02/25 09:26:28.086613 added talkgroup 46818 from /tmp/_whitelist_Fire_Scan.tsv
04/02/25 09:26:28.087241 added talkgroup 46819 from /tmp/_whitelist_Fire_Scan.tsv
04/02/25 09:26:28.087873 added talkgroup 46820 from /tmp/_whitelist_Fire_Scan.tsv
04/02/25 09:26:28.088523 added talkgroup 46821 from /tmp/_whitelist_Fire_Scan.tsv
04/02/25 09:26:28.088741 added talkgroup 46822 from /tmp/_whitelist_Fire_Scan.tsv
04/02/25 09:26:28.088889 added talkgroup 46823 from /tmp/_whitelist_Fire_Scan.tsv
04/02/25 09:26:28.089025 added talkgroup 46824 from /tmp/_whitelist_Fire_Scan.tsv
04/02/25 09:26:28.089158 added talkgroup 46825 from /tmp/_whitelist_Fire_Scan.tsv
04/02/25 09:26:28.089286 added talkgroup 46826 from /tmp/_whitelist_Fire_Scan.tsv
04/02/25 09:26:28.089896 added talkgroup 46827 from /tmp/_whitelist_Fire_Scan.tsv
04/02/25 09:26:28.090115 added talkgroup 46828 from /tmp/_whitelist_Fire_Scan.tsv
04/02/25 09:26:28.090259 added talkgroup 46829 from /tmp/_whitelist_Fire_Scan.tsv
04/02/25 09:26:28.090433 added talkgroup 46830 from /tmp/_whitelist_Fire_Scan.tsv
04/02/25 09:26:28.090589 added talkgroup 46831 from /tmp/_whitelist_Fire_Scan.tsv
04/02/25 09:26:28.090730 added talkgroup 46832 from /tmp/_whitelist_Fire_Scan.tsv
04/02/25 09:26:28.090872 added talkgroup 46833 from /tmp/_whitelist_Fire_Scan.tsv
04/02/25 09:26:28.091011 added talkgroup 46834 from /tmp/_whitelist_Fire_Scan.tsv
04/02/25 09:26:28.091146 added talkgroup 46835 from /tmp/_whitelist_Fire_Scan.tsv
04/02/25 09:26:28.091278 added talkgroup 46836 from /tmp/_whitelist_Fire_Scan.tsv
04/02/25 09:26:28.091459 added talkgroup 46837 from /tmp/_whitelist_Fire_Scan.tsv
04/02/25 09:26:28.091681 added talkgroup 46838 from /tmp/_whitelist_Fire_Scan.tsv
04/02/25 09:26:28.091986 Reading blacklist file
04/02/25 09:26:28.092951 added talkgroup 1234 from /tmp/_blacklist_Fire_Scan.tsv
metadata update not enabled
using ALSA sound system
audio device: default
Listening on 127.0.0.1:23456
python version detected: 3.12.7 (main, Feb  4 2025, 14:46:03) [GCC 14.2.0]
Allocating 15 zero-copy buffers
04/02/25 09:26:34.194593 control channel timeout
04/02/25 09:26:35.245076 control channel timeout
